
updoc: started

c:/Documents and Settings/millerm1/e/doc/elang/blocks/defFunc.html:...........
c:/Documents and Settings/millerm1/e/doc/elang/blocks/defObject.html:.............................
c:/Documents and Settings/millerm1/e/doc/elang/blocks/defPlumbing.html:.............
c:/Documents and Settings/millerm1/e/doc/elang/blocks/defVar.html:...............
c:/Documents and Settings/millerm1/e/doc/elang/blocks/delegation.html:......
c:/Documents and Settings/millerm1/e/doc/elang/blocks/escapeExpr.html:.....
c:/Documents and Settings/millerm1/e/doc/elang/blocks/forExpr.html:...
c:/Documents and Settings/millerm1/e/doc/elang/blocks/forKVExpr.html:.............
c:/Documents and Settings/millerm1/e/doc/elang/blocks/index.html:
c:/Documents and Settings/millerm1/e/doc/elang/blocks/miranda.html:=== 2006-11-10T15:36:56.097Z (PendingEvent.report:PendingEvent.java:109) WRN
causality: Problem in turn <<Vat home in <runs in home>>,116>: 
--vvvv--
/ by zero

- static IntegerSugar#floorDivide(Number)
. 6.floorDivide(0)
- static MirandaMethods#__order(String, Object[])
. 6.__order("floorDivide", [0])

java.lang.ArithmeticException: / by zero
	at org.erights.e.meta.java.lang.IntegerSugar.floorDivide(IntegerSugar.java:163)
	at sun.reflect.NativeMethodAccessorImpl.invoke0(Native Method)
	at sun.reflect.NativeMethodAccessorImpl.invoke(NativeMethodAccessorImpl.java:39)
	at sun.reflect.DelegatingMethodAccessorImpl.invoke(DelegatingMethodAccessorImpl.java:25)
	at java.lang.reflect.Method.invoke(Method.java:585)
	at org.erights.e.elib.prim.SugarMethodNode.innerExecute(SugarMethodNode.java:113)
	at org.erights.e.elib.prim.JavaMemberNode.execute(JavaMemberNode.java:183)
	at org.erights.e.elib.prim.E.callAll(E.java:167)
	at org.erights.e.elib.prim.MirandaMethods.__order(MirandaMethods.java:132)
	at sun.reflect.NativeMethodAccessorImpl.invoke0(Native Method)
	at sun.reflect.NativeMethodAccessorImpl.invoke(NativeMethodAccessorImpl.java:39)
	at sun.reflect.DelegatingMethodAccessorImpl.invoke(DelegatingMethodAccessorImpl.java:25)
	at java.lang.reflect.Method.invoke(Method.java:585)
	at org.erights.e.elib.prim.SugarMethodNode.innerExecute(SugarMethodNode.java:113)
	at org.erights.e.elib.prim.JavaMemberNode.execute(JavaMemberNode.java:190)
	at org.erights.e.elib.prim.E.callAll(E.java:167)
	at org.erights.e.elib.vat.PendingDelivery.innerRun(PendingDelivery.java:102)
	at org.erights.e.elib.vat.PendingEvent.run(PendingEvent.java:76)
	at org.erights.e.elib.vat.HeadlessRunner.run(HeadlessRunner.java:176)
	at java.lang.Thread.run(Thread.java:595)

--^^^^--

.........
c:/Documents and Settings/millerm1/e/doc/elang/blocks/whileExpr.html:....
c:/Documents and Settings/millerm1/e/doc/elang/collect/coord/index.html:
c:/Documents and Settings/millerm1/e/doc/elang/collect/EList.html:..
c:/Documents and Settings/millerm1/e/doc/elang/collect/index.html:...
at: <file:c:/Documents and Settings/millerm1/e/doc/elang/collect/index.html#:span::108:15::108:44>
expr: for name => file in ehomeDir {
          println(`$name is ${file.length()} bytes`)
      }
original and new stdout differ
original stdout: bin is 0 bytes
                 caplets is 0 bytes
                 e is 5345 bytes
                 e-template.txt is 5312 bytes
                 e.jar is 2246185 bytes
                 eprops-template.txt is 17295 bytes
                 eprops.txt is 17025 bytes
                 eprops.txt~ is 17026 bytes
                 eVersion.txt is 9 bytes
                 README.txt is 8106 bytes
                 scripts is 0 bytes
                 updoc-hash-cache.txt is 0 bytes
                 winfo.txt is 2164 bytes
                 
     new stdout: bin is 0 bytes
                 caplets is 0 bytes
                 devrune is 7037 bytes
                 devrune-template.txt is 6774 bytes
                 e.jar is 4037761 bytes
                 eprops-template.txt is 13845 bytes
                 eprops.txt is 14296 bytes
                 eVersion.txt is 8 bytes
                 inst-e.bash is 5329 bytes
                 README.txt is 11169 bytes
                 rune is 6706 bytes
                 rune-bat-template.txt is 622 bytes
                 rune-help.txt is 3686 bytes
                 rune-template.txt is 6421 bytes
                 rune.bat is 671 bytes
                 sacrificial-long-file-name-to-test-for-truncation.txt is 0 bytes
                 scripts is 0 bytes
                 updoc-hash-cache.txt is 102060 bytes
                 winfo.txt is 2271 bytes
                 

c:/Documents and Settings/millerm1/e/doc/elang/collect/String-ref.html:..................
c:/Documents and Settings/millerm1/e/doc/elang/collect/table-ref.html:....
c:/Documents and Settings/millerm1/e/doc/elang/collect/tables.html:.......................................
c:/Documents and Settings/millerm1/e/doc/elang/concurrency/determinism/index.html:
c:/Documents and Settings/millerm1/e/doc/elang/concurrency/epimenides.html:.....
c:/Documents and Settings/millerm1/e/doc/elang/concurrency/index.html:
c:/Documents and Settings/millerm1/e/doc/elang/concurrency/introducer.html:..............
at: <file:c:/Documents and Settings/millerm1/e/doc/elang/concurrency/introducer.html#:span::200:15::200:36>
expr: def uri := introducer.sturdyToURI(sr)
missing new example
original example: cap://127.0.0.1:1107/080nrRvgvO8fMq...
.
at: <file:c:/Documents and Settings/millerm1/e/doc/elang/concurrency/introducer.html#:span::222:6::222:16>
expr: def uri := <file:counter.cap>.getText()
missing new example
original example: cap://127.0.0.1:1107/080nrRvgvO8fMq...
.........=== 2006-11-10T15:38:07.730Z (SendThread.callDataPath:SendThread.java:337) ERR
comm: to=192.168.1.66 Error while calling net.vattp.data.DataCommThunk@df670c Type=3
--vvvv--
makeEvaluator shutdown


java.lang.RuntimeException: makeEvaluator shutdown
	at org.erights.e.meta.java.lang.ThrowableGuardSugar.subCoerceR(ThrowableGuardSugar.java:60)
	at org.erights.e.elib.base.ClassDesc.tryCoerceR(ClassDesc.java:350)
	at org.erights.e.elib.slot.BaseAuditor.coerce(BaseAuditor.java:59)
	at org.erights.e.elib.prim.E.as(E.java:530)
	at org.erights.e.elib.prim.JavaMemberNode.coerceArgs(JavaMemberNode.java:143)
	at org.erights.e.elib.prim.JavaMemberNode.execute(JavaMemberNode.java:188)
	at org.erights.e.elib.prim.Selector.callIt(Selector.java:84)
	at org.erights.e.elang.evm.CallExpr.subEval(CallExpr.java:132)
	at org.erights.e.elang.evm.EMethod.execute(EMethod.java:175)
	at org.erights.e.elang.evm.EMethodNode.execute(EMethodNode.java:136)
	at org.erights.e.elib.prim.E.callAll(E.java:167)
	at org.erights.e.elib.vat.PendingDelivery.innerRun(PendingDelivery.java:102)
	at org.erights.e.elib.vat.PendingEvent.run(PendingEvent.java:76)
	at org.erights.e.elib.vat.HeadlessRunner.run(HeadlessRunner.java:176)
	at java.lang.Thread.run(Thread.java:595)

--^^^^--


c:/Documents and Settings/millerm1/e/doc/elang/concurrency/race.html:=== 2006-11-10T15:38:19.607Z (PendingEvent.report:PendingEvent.java:109) WRN
causality: Problem in turn <<Vat home in <runs in home>>,438>: 
--vvvv--
time's up

- Thrower#run(RuntimeException)
. throw("time's up")
@ run/1: <file:c:/Documents and Settings/millerm1/e/doc/elang/concurrency/race.html#:span::254:46::254:46>
- __main$timeBomb$_#run/0: <file:c:/Documents and Settings/millerm1/e/doc/elang/concurrency/race.html#:span::253:96::253:97>
. <_>()

java.lang.RuntimeException: time's up
	at org.erights.e.meta.java.lang.ThrowableGuardSugar.subCoerceR(ThrowableGuardSugar.java:60)
	at org.erights.e.elib.base.ClassDesc.tryCoerceR(ClassDesc.java:350)
	at org.erights.e.elib.slot.BaseAuditor.coerce(BaseAuditor.java:59)
	at org.erights.e.elib.prim.E.as(E.java:530)
	at org.erights.e.elib.prim.JavaMemberNode.coerceArgs(JavaMemberNode.java:143)
	at org.erights.e.elib.prim.JavaMemberNode.execute(JavaMemberNode.java:188)
	at org.erights.e.elib.prim.Selector.callIt(Selector.java:99)
	at org.erights.e.elang.evm.CallExpr.subEval(CallExpr.java:132)
	at org.erights.e.elang.evm.EMethod.execute(EMethod.java:170)
	at org.erights.e.elang.evm.EMethodNode.execute(EMethodNode.java:136)
	at org.erights.e.elib.prim.E.callAll(E.java:167)
	at org.erights.e.elib.vat.PendingDelivery.innerRun(PendingDelivery.java:102)
	at org.erights.e.elib.vat.PendingEvent.run(PendingEvent.java:76)
	at org.erights.e.elib.vat.HeadlessRunner.run(HeadlessRunner.java:176)
	at java.lang.Thread.run(Thread.java:595)

--^^^^--

.................................
c:/Documents and Settings/millerm1/e/doc/elang/echat/index.html:..................
c:/Documents and Settings/millerm1/e/doc/elang/examples/index.html:
c:/Documents and Settings/millerm1/e/doc/elang/examples/jhu-cs448/chen-tsang/fileClt.e-awt:
c:/Documents and Settings/millerm1/e/doc/elang/examples/jhu-cs448/chen-tsang/fileSvr.e-awt:
c:/Documents and Settings/millerm1/e/doc/elang/examples/jhu-cs448/chung-binder/dBhc_combo.e:
c:/Documents and Settings/millerm1/e/doc/elang/examples/jhu-cs448/exercises/hello-client.e:
c:/Documents and Settings/millerm1/e/doc/elang/examples/jhu-cs448/exercises/hyper-hash.e:..
at: <file:c:/Documents and Settings/millerm1/e/doc/elang/examples/jhu-cs448/exercises/hyper-hash.e#:span::137:2::137:51>
expr: def uri0 := <file:~/Desktop/intro-0.cap>.getText()
missing original problem
new problem: <FileNotFoundException: c:\Documents and Settings\millerm1\Desktop\intro-0.cap (The system cannot find the file specified)>

at: <file:c:/Documents and Settings/millerm1/e/doc/elang/examples/jhu-cs448/exercises/hyper-hash.e#:span::139:2::139:51>
expr: def r0 := introducer.sturdyFromURI(uri0).getRcvr()
missing original problem
new problem: Failed: Undefined variable: uri0

at: <file:c:/Documents and Settings/millerm1/e/doc/elang/examples/jhu-cs448/exercises/hyper-hash.e#:span::141:2::141:17>
expr: r0 <- insert(37)
missing original problem
new problem: Failed: Undefined variable: r0

c:/Documents and Settings/millerm1/e/doc/elang/examples/jhu-cs448/exercises/hypercube.e:..
at: <file:c:/Documents and Settings/millerm1/e/doc/elang/examples/jhu-cs448/exercises/hypercube.e#:span::113:2::113:51>
expr: def uri0 := <file:~/Desktop/intro-0.cap>.getText()
missing original problem
new problem: <FileNotFoundException: c:\Documents and Settings\millerm1\Desktop\intro-0.cap (The system cannot find the file specified)>

at: <file:c:/Documents and Settings/millerm1/e/doc/elang/examples/jhu-cs448/exercises/hypercube.e#:span::115:2::115:51>
expr: def r0 := introducer.sturdyFromURI(uri0).getRcvr()
missing original problem
new problem: Failed: Undefined variable: uri0

at: <file:c:/Documents and Settings/millerm1/e/doc/elang/examples/jhu-cs448/exercises/hypercube.e#:span::117:2::117:31>
expr: def t5 := r0 <- makeVTarget(5)
missing original problem
new problem: Failed: Undefined variable: r0

at: <file:c:/Documents and Settings/millerm1/e/doc/elang/examples/jhu-cs448/exercises/hypercube.e#:span::119:2::119:21>
expr: t5 <- hello("world")
missing original problem
new problem: Failed: Undefined variable: t5

c:/Documents and Settings/millerm1/e/doc/elang/examples/jhu-cs448/exercises/xy-mesh-router.e:..
at: <file:c:/Documents and Settings/millerm1/e/doc/elang/examples/jhu-cs448/exercises/xy-mesh-router.e#:span::94:6::94:58>
expr: def uri00 := <file:~/Desktop/intro-0-0.cap>.getText()
missing original problem
new problem: <FileNotFoundException: c:\Documents and Settings\millerm1\Desktop\intro-0-0.cap (The system cannot find the file specified)>

at: <file:c:/Documents and Settings/millerm1/e/doc/elang/examples/jhu-cs448/exercises/xy-mesh-router.e#:span::96:6::96:57>
expr: def r00 := introducer.sturdyFromURI(uri00).getRcvr()
missing original problem
new problem: Failed: Undefined variable: uri00

at: <file:c:/Documents and Settings/millerm1/e/doc/elang/examples/jhu-cs448/exercises/xy-mesh-router.e#:span::98:6::98:39>
expr: def t20 := r00 <- makeVTarget(2,0)
missing original problem
new problem: Failed: Undefined variable: r00

at: <file:c:/Documents and Settings/millerm1/e/doc/elang/examples/jhu-cs448/exercises/xy-mesh-router.e#:span::100:6::100:26>
expr: t20 <- hello("world")
missing original problem
new problem: Failed: Undefined variable: t20

c:/Documents and Settings/millerm1/e/doc/elang/examples/jhu-cs448/index.html:
c:/Documents and Settings/millerm1/e/doc/elang/examples/multi-stage.html:.........
c:/Documents and Settings/millerm1/e/doc/elang/grammar/index.html:
c:/Documents and Settings/millerm1/e/doc/elang/grammar/quasi-overview.html:........
c:/Documents and Settings/millerm1/e/doc/elang/guarding/index.html:
c:/Documents and Settings/millerm1/e/doc/elang/index.html:
c:/Documents and Settings/millerm1/e/doc/elang/intro/finding-text.html:...............
c:/Documents and Settings/millerm1/e/doc/elang/intro/index.html:
c:/Documents and Settings/millerm1/e/doc/elang/intro/standalone.html:...
c:/Documents and Settings/millerm1/e/doc/elang/io/index.html:
c:/Documents and Settings/millerm1/e/doc/elang/io/text-file-io.html:.....................................................................
c:/Documents and Settings/millerm1/e/doc/elang/kernel/auditors/index.html:..................
at: <file:c:/Documents and Settings/millerm1/e/doc/elang/kernel/auditors/index.html#:span::750:45::750:50>
expr: script
missing new value
original value: escript`{
                to getX() :int { x }
                to getY() :int { y }
                }`
missing original problem
new problem: Failed: Undefined variable: script

at: <file:c:/Documents and Settings/millerm1/e/doc/elang/kernel/auditors/index.html#:span::756:30::756:44>
expr: script.synEnv()
missing new value
original value: ["x" => epatt`x :int`,
                "y" => epatt`y :int`,
                "int" => null]
missing original problem
new problem: Failed: Undefined variable: script

at: <file:c:/Documents and Settings/millerm1/e/doc/elang/kernel/auditors/index.html#:span::761:30::761:45>
expr: script.synEnv()["x"]
missing new value
original value: epatt`x :int`
missing original problem
new problem: Failed: Undefined variable: script

at: <file:c:/Documents and Settings/millerm1/e/doc/elang/kernel/auditors/index.html#:span::764:30::764:45>
expr: script.synEnv()["x"].synEnv()
missing new value
original value: ["int" => null]
missing original problem
new problem: Failed: Undefined variable: script

c:/Documents and Settings/millerm1/e/doc/elang/kernel/EscapeExpr.html:.........
at: <file:c:/Documents and Settings/millerm1/e/doc/elang/kernel/EscapeExpr.html#:span::396:15::396:28>
expr: var x1 := null
      def stealer(x2) :boolean {
          x1 := x2
          false
      }
      try {
          escape x3 ? stealer(x3) { 7 }
      } catch p {
          stderr.print(`oops: $p`)
          9
      }
      x1(3)
missing new stderr
original stderr: oops: problem: such-that expression was false
missing new problem
original problem: Failed: Ejector must be enabled
missing original syntax error
new syntax error: 
                  escape x3 ? stealer(x3) { 7 }
                  ^
                  @ <file:c:/Documents and Settings/millerm1/e/doc/elang/kernel/EscapeExpr.html#:span::402:28::402:28>

c:/Documents and Settings/millerm1/e/doc/elang/kernel/index.html:
c:/Documents and Settings/millerm1/e/doc/elang/kernel/IntegerLiteral.html:....
c:/Documents and Settings/millerm1/e/doc/elang/quasi/index.html:
c:/Documents and Settings/millerm1/e/doc/elang/quasi/overview.html:........
c:/Documents and Settings/millerm1/e/doc/elang/quasi/terms/index.html:
c:/Documents and Settings/millerm1/e/doc/elang/quasi/terms/like-ellipses.html:..................
c:/Documents and Settings/millerm1/e/doc/elang/quasi/text/index.html:
c:/Documents and Settings/millerm1/e/doc/elang/quasi/ui/index.html:
c:/Documents and Settings/millerm1/e/doc/elang/quasi/xml/index.html:
c:/Documents and Settings/millerm1/e/doc/elang/same-ref.html:..................
at: <file:c:/Documents and Settings/millerm1/e/doc/elang/same-ref.html#:span::211:31::211:33>
expr: def c := makePoint(3, 5)
missing new value
original value: <3, 5>
missing original problem
new problem: <AuditFailedException: object expression e`def point implements PassByCopy {

at: <file:c:/Documents and Settings/millerm1/e/doc/elang/same-ref.html#:span::214:31::214:33>
expr: def d := makePoint(3, 5)
missing new value
original value: <3, 5>
missing original problem
new problem: <AuditFailedException: object expression e`def point implements PassByCopy {

at: <file:c:/Documents and Settings/millerm1/e/doc/elang/same-ref.html#:span::217:31::217:33>
expr: def e := makePoint(7, 5)
missing new value
original value: <7, 5>
missing original problem
new problem: <AuditFailedException: object expression e`def point implements PassByCopy {

at: <file:c:/Documents and Settings/millerm1/e/doc/elang/same-ref.html#:span::220:9::220:14>
expr: c == c
missing new value
original value: true
missing original problem
new problem: Failed: Undefined variable: c

at: <file:c:/Documents and Settings/millerm1/e/doc/elang/same-ref.html#:span::223:9::223:14>
expr: c == d
missing new value
original value: true
missing original problem
new problem: Failed: Undefined variable: c

at: <file:c:/Documents and Settings/millerm1/e/doc/elang/same-ref.html#:span::226:9::226:14>
expr: c == e
missing new value
original value: false
missing original problem
new problem: Failed: Undefined variable: c
.......
c:/Documents and Settings/millerm1/e/doc/elang/scalars/boolean-ref.html:...
c:/Documents and Settings/millerm1/e/doc/elang/scalars/char-ref.html:....
c:/Documents and Settings/millerm1/e/doc/elang/scalars/float64-ref.html:.............................
c:/Documents and Settings/millerm1/e/doc/elang/scalars/index.html:
c:/Documents and Settings/millerm1/e/doc/elang/scalars/integer-ref.html:..............................
c:/Documents and Settings/millerm1/e/doc/elang/tools/causeway/causeway-intro.html:
c:/Documents and Settings/millerm1/e/doc/elang/tools/causeway/index.html:
c:/Documents and Settings/millerm1/e/doc/elang/tools/index.html:
c:/Documents and Settings/millerm1/e/doc/elang/tools/updoc.html:..............
